2024-12-14 17:23:01,585 INFO l.Log [main] ===============================================
2024-12-14 17:23:01,587 INFO l.Log [main] Запуск тестового класса: [Test001]
2024-12-14 17:23:01,591 INFO l.Log [main] Запускаем браузер: [chrome]
2024-12-14 17:23:05,400 INFO l.Log [main] Нажимаем на кнопку закрытия всплывающего окна....
2024-12-14 17:23:09,120 INFO l.Log [main] Вводим логин [buffo404@gmail.com]
2024-12-14 17:23:12,301 INFO l.Log [main] Заполняем пароль
2024-12-14 17:23:13,910 INFO l.Log [main] Выполняем вход в аккаунт...
2024-12-14 17:23:14,652 INFO l.Log [main] Тест [loginTest] успешно завершен.
2024-12-14 17:23:16,272 INFO l.Log [main] Выполняем поиск по названию: Лавкрафт
2024-12-14 17:23:16,501 INFO l.Log [main] Название найдено: Лавкрафт
2024-12-14 17:23:18,343 INFO l.Log [main] Выполняем поиск по названию: Лавкрафт
2024-12-14 17:23:18,597 INFO l.Log [main] Тест [searchingAuthorBookName] успешно завершен.
2024-12-14 17:23:18,623 INFO l.Log [main] ===============================================
2024-12-14 17:23:18,623 INFO l.Log [main] Тесты завершены: [14-12-2024 17:23]
2024-12-14 17:23:18,624 INFO l.Log [main] Пройденные тесты: [1]
2024-12-14 17:23:18,624 INFO l.Log [main] Проваленные тесты: [0]
2024-12-14 17:23:18,624 INFO l.Log [main] Тестов пропущено: [0]
2024-12-14 17:23:18,624 INFO l.Log [main] ===============================================
2024-12-14 17:26:37,963 INFO l.Log [main] ===============================================
2024-12-14 17:26:37,964 INFO l.Log [main] Запуск тестового класса: [Test001]
2024-12-14 17:26:37,968 INFO l.Log [main] Запускаем браузер: [chrome]
2024-12-14 17:26:41,605 INFO l.Log [main] Нажимаем на кнопку закрытия всплывающего окна....
2024-12-14 17:26:45,191 INFO l.Log [main] Вводим логин [buffo404@gmail.com]
2024-12-14 17:26:48,367 INFO l.Log [main] Заполняем пароль
2024-12-14 17:26:49,968 INFO l.Log [main] Выполняем вход в аккаунт...
2024-12-14 17:26:50,586 INFO l.Log [main] Тест [loginTest] успешно завершен.
2024-12-14 17:26:52,201 INFO l.Log [main] Выполняем поиск по названию: Лавкрафт
2024-12-14 17:26:52,438 INFO l.Log [main] Название найдено: Лавкрафт
2024-12-14 17:26:54,282 INFO l.Log [main] Выполняем поиск по названию: Лавкрафт
2024-12-14 17:26:54,561 INFO l.Log [main] Тест [searchingAuthorBookName] успешно завершен.
2024-12-14 17:26:54,586 INFO l.Log [main] ===============================================
2024-12-14 17:26:54,586 INFO l.Log [main] Тесты завершены: [14-12-2024 17:26]
2024-12-14 17:26:54,586 INFO l.Log [main] Пройденные тесты: [1]
2024-12-14 17:26:54,588 INFO l.Log [main] Проваленные тесты: [0]
2024-12-14 17:26:54,588 INFO l.Log [main] Тестов пропущено: [0]
2024-12-14 17:26:54,588 INFO l.Log [main] ===============================================
